<?xml version="1.0" encoding="UTF-8" standalone="yes"?>
<Root>
  <Header>
    <Timestamp>2020-10-28T16:09:23.680Z</Timestamp>
    <FinancialYear>2019</FinancialYear>
    <RSIN>TEST</RSIN>
    <KVKNumber>12345678</KVKNumber>
    <VatNumber>NL111111111B01</VatNumber>
    <CompanyName>Brugbedrijf</CompanyName>
    <SoftwarePackage>Minox Online</SoftwarePackage>
    <EmailaddressReceived>support@minox.nl</EmailaddressReceived>
    <RgsVersion>3.1</RgsVersion>
  </Header>
  <Record>
    <LedgerAccountId></LedgerAccountId>
    <LedgerDescription></LedgerDescription>
    <RgsCode>BIvaGoo</RgsCode>
    <ClosingBalance>10000</ClosingBalance>
    <OpeningBalance>0</OpeningBalance>
    <ProfitLossLastYear>0</ProfitLossLastYear>
  </Record>
    <Record>
    <LedgerAccountId></LedgerAccountId>
    <LedgerDescription></LedgerDescription>
    <RgsCode>BIvaOiv</RgsCode>
    <ClosingBalance>200</ClosingBalance>
    <OpeningBalance>0</OpeningBalance>
    <ProfitLossLastYear>0</ProfitLossLastYear>
  </Record>
  <Record>
    <LedgerAccountId></LedgerAccountId>
    <LedgerDescription></LedgerDescription>
    <RgsCode>BMvaMei</RgsCode>
    <ClosingBalance>300</ClosingBalance>
    <OpeningBalance>0</OpeningBalance>
    <ProfitLossLastYear>0</ProfitLossLastYear>
  </Record>
  <Record>
    <LedgerAccountId></LedgerAccountId>
    <LedgerDescription></LedgerDescription>
    <RgsCode>BVrdOwe</RgsCode>
    <ClosingBalance>400</ClosingBalance>
    <OpeningBalance>0</OpeningBalance>
    <ProfitLossLastYear>0</ProfitLossLastYear>
  </Record>
  <Record>
    <LedgerAccountId></LedgerAccountId>
    <LedgerDescription></LedgerDescription>
    <RgsCode>BVorDeb</RgsCode>
    <ClosingBalance>500</ClosingBalance>
    <OpeningBalance>0</OpeningBalance>
    <ProfitLossLastYear>0</ProfitLossLastYear>
  </Record>
  <Record>
    <LedgerAccountId></LedgerAccountId>
    <LedgerDescription></LedgerDescription>
    <RgsCode>BVorVbkTvo</RgsCode>
    <ClosingBalance>600</ClosingBalance>
    <OpeningBalance>0</OpeningBalance>
    <ProfitLossLastYear>0</ProfitLossLastYear>
  </Record>
  <Record>
    <LedgerAccountId></LedgerAccountId>
    <LedgerDescription></LedgerDescription>
    <RgsCode>BVorVbkVbk</RgsCode>
    <ClosingBalance>700</ClosingBalance>
    <OpeningBalance>0</OpeningBalance>
    <ProfitLossLastYear>0</ProfitLossLastYear>
  </Record>
  <Record>
    <LedgerAccountId></LedgerAccountId>
    <LedgerDescription></LedgerDescription>
    <RgsCode>BLim</RgsCode>
    <ClosingBalance>800</ClosingBalance>
    <OpeningBalance>0</OpeningBalance>
    <ProfitLossLastYear>0</ProfitLossLastYear>
  </Record>
  <Record>
    <LedgerAccountId></LedgerAccountId>
    <LedgerDescription></LedgerDescription>
    <RgsCode>BEivFirFor</RgsCode>
    <ClosingBalance>-900</ClosingBalance>
    <OpeningBalance>0</OpeningBalance>
    <ProfitLossLastYear>0</ProfitLossLastYear>
  </Record>
  <Record>
    <LedgerAccountId></LedgerAccountId>
    <LedgerDescription></LedgerDescription>
    <RgsCode>BEivKap</RgsCode>
    <ClosingBalance>-6800</ClosingBalance>
    <OpeningBalance>0</OpeningBalance>
    <ProfitLossLastYear>0</ProfitLossLastYear>
  </Record>
  <Record>
    <LedgerAccountId></LedgerAccountId>
    <LedgerDescription></LedgerDescription>
    <RgsCode>BLasSak</RgsCode>
    <ClosingBalance>-1000</ClosingBalance>
    <OpeningBalance>0</OpeningBalance>
    <ProfitLossLastYear>0</ProfitLossLastYear>
  </Record>
  <Record>
    <LedgerAccountId></LedgerAccountId>
    <LedgerDescription></LedgerDescription>
    <RgsCode>BSchCreHac</RgsCode>
    <ClosingBalance>-1200</ClosingBalance>
    <OpeningBalance>0</OpeningBalance>
    <ProfitLossLastYear>0</ProfitLossLastYear>
  </Record>
  <Record>
    <LedgerAccountId></LedgerAccountId>
    <LedgerDescription></LedgerDescription>
    <RgsCode>BSchBepBtw</RgsCode>
    <ClosingBalance>-1300</ClosingBalance>
    <OpeningBalance>0</OpeningBalance>
    <ProfitLossLastYear>0</ProfitLossLastYear>
  </Record>
  <Record>
    <LedgerAccountId></LedgerAccountId>
    <LedgerDescription></LedgerDescription>
    <RgsCode>WOmz</RgsCode>
    <ClosingBalance>-14000</ClosingBalance>
    <OpeningBalance>0</OpeningBalance>
    <ProfitLossLastYear>0</ProfitLossLastYear>
  </Record>
  <Record>
    <LedgerAccountId></LedgerAccountId>
    <LedgerDescription></LedgerDescription>
    <RgsCode>WOvb</RgsCode>
    <ClosingBalance>-15000</ClosingBalance>
    <OpeningBalance>0</OpeningBalance>
    <ProfitLossLastYear>0</ProfitLossLastYear>
  </Record>
  <Record>
    <LedgerAccountId></LedgerAccountId>
    <LedgerDescription></LedgerDescription>
    <RgsCode>WKprKvg</RgsCode>
    <ClosingBalance>1600</ClosingBalance>
    <OpeningBalance>0</OpeningBalance>
    <ProfitLossLastYear>0</ProfitLossLastYear>
  </Record>
   <Record>
    <LedgerAccountId></LedgerAccountId>
    <LedgerDescription></LedgerDescription>
    <RgsCode>WKprKuw</RgsCode>
    <ClosingBalance>1700</ClosingBalance>
    <OpeningBalance>0</OpeningBalance>
    <ProfitLossLastYear>0</ProfitLossLastYear>
  </Record>
  <Record>
    <LedgerAccountId></LedgerAccountId>
    <LedgerDescription></LedgerDescription>
    <RgsCode>WBedWkrWkvMpi</RgsCode>
    <ClosingBalance>1800</ClosingBalance>
    <OpeningBalance>0</OpeningBalance>
    <ProfitLossLastYear>0</ProfitLossLastYear>
  </Record>
  <Record>
    <LedgerAccountId></LedgerAccountId>
    <LedgerDescription></LedgerDescription>
    <RgsCode>WAfsAmvMei</RgsCode>
    <ClosingBalance>1900</ClosingBalance>
    <OpeningBalance>0</OpeningBalance>
    <ProfitLossLastYear>0</ProfitLossLastYear>
  </Record>
  <Record>
    <LedgerAccountId></LedgerAccountId>
    <LedgerDescription></LedgerDescription>
    <RgsCode>WBedAut</RgsCode>
    <ClosingBalance>2000</ClosingBalance>
    <OpeningBalance>0</OpeningBalance>
    <ProfitLossLastYear>0</ProfitLossLastYear>
  </Record>
  <Record>
    <LedgerAccountId></LedgerAccountId>
    <LedgerDescription></LedgerDescription>
    <RgsCode>WBedHui</RgsCode>
    <ClosingBalance>2100</ClosingBalance>
    <OpeningBalance>0</OpeningBalance>
    <ProfitLossLastYear>0</ProfitLossLastYear>
  </Record>
  <Record>
    <LedgerAccountId></LedgerAccountId>
    <LedgerDescription></LedgerDescription>
    <RgsCode>WBedEem</RgsCode>
    <ClosingBalance>2200</ClosingBalance>
    <OpeningBalance>0</OpeningBalance>
    <ProfitLossLastYear>0</ProfitLossLastYear>
  </Record>
  <Record>
    <LedgerAccountId></LedgerAccountId>
    <LedgerDescription></LedgerDescription>
    <RgsCode>WBedVkkRea</RgsCode>
    <ClosingBalance>2300</ClosingBalance>
    <OpeningBalance>0</OpeningBalance>
    <ProfitLossLastYear>0</ProfitLossLastYear>
  </Record>
  <Record>
    <LedgerAccountId></LedgerAccountId>
    <LedgerDescription></LedgerDescription>
    <RgsCode>WBedTra</RgsCode>
    <ClosingBalance>2400</ClosingBalance>
    <OpeningBalance>0</OpeningBalance>
    <ProfitLossLastYear>0</ProfitLossLastYear>
  </Record>
  <Record>
    <LedgerAccountId></LedgerAccountId>
    <LedgerDescription></LedgerDescription>
    <RgsCode>WFbeRlm</RgsCode>
    <ClosingBalance>-2500</ClosingBalance>
    <OpeningBalance>0</OpeningBalance>
    <ProfitLossLastYear>0</ProfitLossLastYear>
  </Record>
  <Record>
    <LedgerAccountId></LedgerAccountId>
    <LedgerDescription></LedgerDescription>
    <RgsCode>WOvt</RgsCode>
    <ClosingBalance>-2600</ClosingBalance>
    <OpeningBalance>0</OpeningBalance>
    <ProfitLossLastYear>0</ProfitLossLastYear>
  </Record>
  <Record>
    <LedgerAccountId></LedgerAccountId>
    <LedgerDescription></LedgerDescription>
    <RgsCode>WFbeOrl</RgsCode>
    <ClosingBalance>2700</ClosingBalance>
    <OpeningBalance>0</OpeningBalance>
    <ProfitLossLastYear>0</ProfitLossLastYear>
  </Record>
  <Record>
    <LedgerAccountId></LedgerAccountId>
    <LedgerDescription></LedgerDescription>
    <RgsCode>WAfsRvm</RgsCode>
    <ClosingBalance>-2800</ClosingBalance>
    <OpeningBalance>0</OpeningBalance>
    <ProfitLossLastYear>0</ProfitLossLastYear>
  </Record>
  <Record>
    <LedgerAccountId></LedgerAccountId>
    <LedgerDescription></LedgerDescription>
    <RgsCode>WBedAdlBtk</RgsCode>
    <ClosingBalance>-2900</ClosingBalance>
    <OpeningBalance>0</OpeningBalance>
    <ProfitLossLastYear>0</ProfitLossLastYear>
  </Record>
  <Record>
    <LedgerAccountId></LedgerAccountId>
    <LedgerDescription></LedgerDescription>
    <RgsCode>WBedVkkAdd</RgsCode>
    <ClosingBalance>3000</ClosingBalance>
    <OpeningBalance>0</OpeningBalance>
    <ProfitLossLastYear>0</ProfitLossLastYear>
  </Record>
  <Record>
    <LedgerAccountId></LedgerAccountId>
    <LedgerDescription></LedgerDescription>
    <RgsCode>WAfsAivGoo</RgsCode>
    <ClosingBalance>3100</ClosingBalance>
    <OpeningBalance>0</OpeningBalance>
    <ProfitLossLastYear>0</ProfitLossLastYear>
  </Record>
  <Record>
    <LedgerAccountId></LedgerAccountId>
    <LedgerDescription></LedgerDescription>
    <RgsCode>WAfsAivOek</RgsCode>
    <ClosingBalance>3200</ClosingBalance>
    <OpeningBalance>0</OpeningBalance>
    <ProfitLossLastYear>0</ProfitLossLastYear>
  </Record>
  <Record>
    <LedgerAccountId></LedgerAccountId>
    <LedgerDescription></LedgerDescription>
    <RgsCode>WAfsAmvHuu</RgsCode>
    <ClosingBalance>3300</ClosingBalance>
    <OpeningBalance>0</OpeningBalance>
    <ProfitLossLastYear>0</ProfitLossLastYear>
  </Record>
  <Record>
    <LedgerAccountId></LedgerAccountId>
    <LedgerDescription></LedgerDescription>
    <RgsCode>BLasAcl</RgsCode>
    <ClosingBalance>-3400</ClosingBalance>
    <OpeningBalance>0</OpeningBalance>
    <ProfitLossLastYear>0</ProfitLossLastYear>
  </Record>
  <Record>
    <LedgerAccountId></LedgerAccountId>
    <LedgerDescription></LedgerDescription>
    <RgsCode>BSchKol</RgsCode>
    <ClosingBalance>-3500</ClosingBalance>
    <OpeningBalance>0</OpeningBalance>
    <ProfitLossLastYear>0</ProfitLossLastYear>
  </Record>
  <Record>
    <LedgerAccountId></LedgerAccountId>
    <LedgerDescription></LedgerDescription>
    <RgsCode>BVrdGeh</RgsCode>
    <ClosingBalance>3600</ClosingBalance>
    <OpeningBalance>0</OpeningBalance>
    <ProfitLossLastYear>0</ProfitLossLastYear>
  </Record>
  <Record>
    <LedgerAccountId></LedgerAccountId>
    <LedgerDescription></LedgerDescription>
    <RgsCode>BMvaObeVvp</RgsCode>
    <ClosingBalance>3700</ClosingBalance>
    <OpeningBalance>0</OpeningBalance>
    <ProfitLossLastYear>0</ProfitLossLastYear>
  </Record>
  <Record>
    <LedgerAccountId></LedgerAccountId>
    <LedgerDescription></LedgerDescription>
    <RgsCode>WAfsRvi</RgsCode>
    <ClosingBalance>3800</ClosingBalance>
    <OpeningBalance>0</OpeningBalance>
    <ProfitLossLastYear>0</ProfitLossLastYear>
  </Record>
</Root>
